<?xml version="1.0" encoding="UTF-8"?>
<!-- Generated by org.testng.reporters.JUnitXMLReporter -->
<testsuite ignored="0" hostname="Hidden-Leaf-Village" failures="0" tests="5" name="Surefire test" time="23.898" errors="0" timestamp="2025-07-15T12:38:01 IST">
  <testcase classname="avadhutwakkar.TestCases.LoginErrorValidationTest" name="LoginWithLockedUser" time="0.639"/>
  <testcase classname="avadhutwakkar.TestCases.LoginErrorValidationTest" name="LoginWithProblemUser" time="3.359"/>
  <testcase classname="avadhutwakkar.TestCases.SubmitOrderTest" name="SubmitOrder" time="2.658"/>
  <testcase classname="avadhutwakkar.TestCases.SubmitOrderTest" name="SubmitOrder" time="2.868"/>
  <testcase classname="avadhutwakkar.TestCases.SubmitOrderTest" name="productPage" time="1.704"/>
</testsuite> <!-- Surefire test -->
