<?xml version="1.0" encoding="UTF-8"?>
<!-- Generated by org.testng.reporters.JUnitXMLReporter -->
<testsuite ignored="0" hostname="Hidden-Leaf-Village" failures="0" tests="2" name="Error Validation Test" time="9.115" errors="0" timestamp="2025-07-16T11:46:12 IST">
  <testcase classname="avadhutwakkar.TestCases.LoginErrorValidationTest" name="LoginWithLockedUser" time="0.565"/>
  <testcase classname="avadhutwakkar.TestCases.LoginErrorValidationTest" name="LoginWithProblemUser" time="2.49"/>
</testsuite> <!-- Error Validation Test -->
