<?xml version="1.0" encoding="UTF-8"?>
<!-- Generated by org.testng.reporters.JUnitXMLReporter -->
<testsuite ignored="0" hostname="Hidden-Leaf-Village" failures="0" tests="3" name="Submit Order Test" time="15.643" errors="0" timestamp="2025-07-16T11:46:17 IST">
  <testcase classname="avadhutwakkar.TestCases.SubmitOrderTest" name="SubmitOrder" time="2.728"/>
  <testcase classname="avadhutwakkar.TestCases.SubmitOrderTest" name="SubmitOrder" time="2.942"/>
  <testcase classname="avadhutwakkar.TestCases.SubmitOrderTest" name="productPage" time="1.463"/>
</testsuite> <!-- Submit Order Test -->
