<?xml version="1.0" encoding="UTF-8"?>
<!-- Generated by org.testng.reporters.JUnitXMLReporter -->
<testsuite ignored="2" hostname="Hidden-Leaf-Village" failures="0" tests="0" time="0.001" errors="0" timestamp="2025-08-13T12:24:08 IST">
  <testcase classname="avadhutwakkar.TestCases.LoginErrorValidationTest" name="LoginWithLockedUser" time="0.0">
    <ignored/>
  </testcase> <!-- LoginWithLockedUser -->
  <testcase classname="avadhutwakkar.TestCases.LoginErrorValidationTest" name="LoginWithProblemUser" time="0.0">
    <ignored/>
  </testcase> <!-- LoginWithProblemUser -->
</testsuite>
