<?xml version="1.0" encoding="UTF-8"?>
<!-- Generated by org.testng.reporters.JUnitXMLReporter -->
<testsuite ignored="1" hostname="Hidden-Leaf-Village" failures="0" tests="2" name="Submit Order Test" time="11.83" errors="0" timestamp="2025-08-13T12:24:08 IST">
  <testcase classname="avadhutwakkar.TestCases.SubmitOrderTest" name="SubmitOrder" time="2.903"/>
  <testcase classname="avadhutwakkar.TestCases.SubmitOrderTest" name="SubmitOrder" time="2.637"/>
  <testcase classname="avadhutwakkar.TestCases.SubmitOrderTest" name="productPage" time="0.0">
    <ignored/>
  </testcase> <!-- productPage -->
</testsuite> <!-- Submit Order Test -->
