<?xml version="1.0" encoding="UTF-8"?>
<testng-results ignored="3" total="5" passed="2" failed="0" skipped="0">
  <reporter-output>
  </reporter-output>
  <suite started-at="2025-08-13T12:23:55 IST" name="Suite" finished-at="2025-08-13T12:24:08 IST" duration-ms="12556">
    <groups>
      <group name="Purchase">
        <method signature="SubmitOrderTest.SubmitOrder(java.util.HashMap)[pri:0, instance:avadhutwakkar.TestCases.SubmitOrderTest@17bffc17]" name="SubmitOrder" class="avadhutwakkar.TestCases.SubmitOrderTest"/>
      </group> <!-- Purchase -->
    </groups>
    <test started-at="2025-08-13T12:23:55 IST" name="Submit Order Test" finished-at="2025-08-13T12:24:07 IST" duration-ms="11830">
      <class name="avadhutwakkar.TestCases.SubmitOrderTest">
        <test-method is-config="true" signature="launchApplication()[pri:0, instance:avadhutwakkar.TestCases.SubmitOrderTest@17bffc17]" started-at="2025-08-13T12:23:55 IST" name="launchApplication" finished-at="2025-08-13T12:23:58 IST" duration-ms="3097" status="PASS">
          <reporter-output>
          </reporter-output>
        </test-method> <!-- launchApplication -->
        <test-method signature="SubmitOrder(java.util.HashMap)[pri:0, instance:avadhutwakkar.TestCases.SubmitOrderTest@17bffc17]" started-at="2025-08-13T12:23:58 IST" name="SubmitOrder" data-provider="getData" finished-at="2025-08-13T12:24:01 IST" duration-ms="2903" status="PASS">
          <params>
            <param index="0">
              <value>
                <![CDATA[{password=secret_sauce, email=standard_user, productName=Sauce Labs Bike Light}]]>
              </value>
            </param>
          </params>
          <reporter-output>
          </reporter-output>
        </test-method> <!-- SubmitOrder -->
        <test-method is-config="true" signature="tearDown()[pri:0, instance:avadhutwakkar.TestCases.SubmitOrderTest@17bffc17]" started-at="2025-08-13T12:24:01 IST" name="tearDown" finished-at="2025-08-13T12:24:02 IST" duration-ms="368" status="PASS">
          <reporter-output>
          </reporter-output>
        </test-method> <!-- tearDown -->
        <test-method is-config="true" signature="launchApplication()[pri:0, instance:avadhutwakkar.TestCases.SubmitOrderTest@17bffc17]" started-at="2025-08-13T12:24:02 IST" name="launchApplication" finished-at="2025-08-13T12:24:04 IST" duration-ms="2236" status="PASS">
          <reporter-output>
          </reporter-output>
        </test-method> <!-- launchApplication -->
        <test-method signature="SubmitOrder(java.util.HashMap)[pri:0, instance:avadhutwakkar.TestCases.SubmitOrderTest@17bffc17]" started-at="2025-08-13T12:24:04 IST" name="SubmitOrder" data-provider="getData" finished-at="2025-08-13T12:24:07 IST" duration-ms="2637" status="PASS">
          <params>
            <param index="0">
              <value>
                <![CDATA[{password=secret_sauce, email=standard_user, productName=Sauce Labs Backpack}]]>
              </value>
            </param>
          </params>
          <reporter-output>
          </reporter-output>
        </test-method> <!-- SubmitOrder -->
        <test-method is-config="true" signature="tearDown()[pri:0, instance:avadhutwakkar.TestCases.SubmitOrderTest@17bffc17]" started-at="2025-08-13T12:24:07 IST" name="tearDown" finished-at="2025-08-13T12:24:07 IST" duration-ms="325" status="PASS">
          <reporter-output>
          </reporter-output>
        </test-method> <!-- tearDown -->
      </class> <!-- avadhutwakkar.TestCases.SubmitOrderTest -->
    </test> <!-- Submit Order Test -->
    <test started-at="2025-08-13T12:24:08 IST" name="Error Validation Test" finished-at="2025-08-13T12:24:08 IST" duration-ms="1">
    </test> <!-- Error Validation Test -->
  </suite> <!-- Suite -->
</testng-results>
